
*** Running vivado
    with args -log design_1_axis_data_fifo_0_0.vds -m64 -product Vivado -mode batch -messageDb vivado.pb -notrace -source design_1_axis_data_fifo_0_0.tcl



****** Vivado v2022.2 (64-bit)
  **** SW Build 3671981 on Fri Oct 14 05:00:03 MDT 2022
  **** IP Build 3669848 on Fri Oct 14 08:30:02 MDT 2022
    ** Copyright 1986-2022 Xilinx, Inc. All Rights Reserved.

source design_1_axis_data_fifo_0_0.tcl -notrace
create_project: Time (s): cpu = 00:00:01 ; elapsed = 00:00:06 . Memory (MB): peak = 1002.801 ; gain = 119.125
INFO: [IP_Flow 19-234] Refreshing IP repositories
INFO: [IP_Flow 19-1700] Loaded user IP repository 'd:/Coding/Vivado/Snake-VGA/Snake_AXIS2VGA'.
INFO: [IP_Flow 19-1700] Loaded user IP repository 'd:/Coding/Vivado/Snake-VGA/SnakeGame2Axis'.
INFO: [IP_Flow 19-2313] Loaded Vivado IP repository 'D:/Xilinx/Vivado/2022.2/data/ip'.
INFO: [IP_Flow 19-6924] IPCACHE: Running cache check for IP inst: design_1_axis_data_fifo_0_0
Command: synth_design -top design_1_axis_data_fifo_0_0 -part xc7z020clg484-1 -incremental_mode off -mode out_of_context
Starting synth_design
Attempting to get a license for feature 'Synthesis' and/or device 'xc7z020'
INFO: [Common 17-349] Got license for feature 'Synthesis' and/or device 'xc7z020'
INFO: [Device 21-403] Loading part xc7z020clg484-1
INFO: [Synth 8-7079] Multithreading enabled for synth_design using a maximum of 2 processes.
INFO: [Synth 8-7078] Launching helper process for spawning children vivado processes
INFO: [Synth 8-7075] Helper process launched with PID 18280
INFO: [Synth 8-11241] undeclared symbol 'REGCCE', assumed default net type 'wire' [D:/Xilinx/Vivado/2022.2/data/verilog/src/unimacro/BRAM_SINGLE_MACRO.v:2170]
---------------------------------------------------------------------------------
Starting RTL Elaboration : Time (s): cpu = 00:00:05 ; elapsed = 00:00:10 . Memory (MB): peak = 1853.973 ; gain = 407.441
---------------------------------------------------------------------------------
INFO: [Synth 8-6157] synthesizing module 'design_1_axis_data_fifo_0_0' [d:/Coding/Vivado/Snake-VGA/Grigorev_VGA/Grigorev_VGA.gen/sources_1/bd/design_1/ip/design_1_axis_data_fifo_0_0/synth/design_1_axis_data_fifo_0_0.v:53]
INFO: [Synth 8-6157] synthesizing module 'axis_data_fifo_v2_0_9_top' [d:/Coding/Vivado/Snake-VGA/Grigorev_VGA/Grigorev_VGA.gen/sources_1/bd/design_1/ipshared/dbd8/hdl/axis_data_fifo_v2_0_vl_rfs.v:54]
INFO: [Synth 8-6157] synthesizing module 'axis_infrastructure_v1_1_0_util_aclken_converter_wrapper' [d:/Coding/Vivado/Snake-VGA/Grigorev_VGA/Grigorev_VGA.gen/sources_1/bd/design_1/ipshared/8713/hdl/axis_infrastructure_v1_1_vl_rfs.v:599]
INFO: [Synth 8-6157] synthesizing module 'axis_infrastructure_v1_1_0_util_axis2vector' [d:/Coding/Vivado/Snake-VGA/Grigorev_VGA/Grigorev_VGA.gen/sources_1/bd/design_1/ipshared/8713/hdl/axis_infrastructure_v1_1_vl_rfs.v:809]
INFO: [Synth 8-6155] done synthesizing module 'axis_infrastructure_v1_1_0_util_axis2vector' (0#1) [d:/Coding/Vivado/Snake-VGA/Grigorev_VGA/Grigorev_VGA.gen/sources_1/bd/design_1/ipshared/8713/hdl/axis_infrastructure_v1_1_vl_rfs.v:809]
INFO: [Synth 8-6157] synthesizing module 'axis_infrastructure_v1_1_0_util_vector2axis' [d:/Coding/Vivado/Snake-VGA/Grigorev_VGA/Grigorev_VGA.gen/sources_1/bd/design_1/ipshared/8713/hdl/axis_infrastructure_v1_1_vl_rfs.v:991]
INFO: [Synth 8-6155] done synthesizing module 'axis_infrastructure_v1_1_0_util_vector2axis' (0#1) [d:/Coding/Vivado/Snake-VGA/Grigorev_VGA/Grigorev_VGA.gen/sources_1/bd/design_1/ipshared/8713/hdl/axis_infrastructure_v1_1_vl_rfs.v:991]
INFO: [Synth 8-6155] done synthesizing module 'axis_infrastructure_v1_1_0_util_aclken_converter_wrapper' (0#1) [d:/Coding/Vivado/Snake-VGA/Grigorev_VGA/Grigorev_VGA.gen/sources_1/bd/design_1/ipshared/8713/hdl/axis_infrastructure_v1_1_vl_rfs.v:599]
INFO: [Synth 8-6157] synthesizing module 'xpm_fifo_axis' [D:/Xilinx/Vivado/2022.2/data/ip/xpm/xpm_fifo/hdl/xpm_fifo.sv:2349]
INFO: [Synth 8-6157] synthesizing module 'xpm_cdc_sync_rst' [D:/Xilinx/Vivado/2022.2/data/ip/xpm/xpm_cdc/hdl/xpm_cdc.sv:1058]
INFO: [Synth 8-6155] done synthesizing module 'xpm_cdc_sync_rst' (0#1) [D:/Xilinx/Vivado/2022.2/data/ip/xpm/xpm_cdc/hdl/xpm_cdc.sv:1058]
INFO: [Synth 8-6157] synthesizing module 'xpm_fifo_base' [D:/Xilinx/Vivado/2022.2/data/ip/xpm/xpm_fifo/hdl/xpm_fifo.sv:55]
INFO: [Synth 8-6157] synthesizing module 'xpm_memory_base' [D:/Xilinx/Vivado/2022.2/data/ip/xpm/xpm_memory/hdl/xpm_memory.sv:56]
INFO: [Synth 8-6059] Synth Info: [XPM_MEMORY 20-1] MEMORY_PRIMITIVE (0) instructs Vivado Synthesis to choose the memory primitive type. Depending on their values, other XPM_MEMORY parameters may preclude the choice of certain memory primitive types. Review XPM_MEMORY documentation and parameter values to understand any limitations, or set MEMORY_PRIMITIVE to a different value.   [D:/Xilinx/Vivado/2022.2/data/ip/xpm/xpm_memory/hdl/xpm_memory.sv:493]
INFO: [Synth 8-6155] done synthesizing module 'xpm_memory_base' (0#1) [D:/Xilinx/Vivado/2022.2/data/ip/xpm/xpm_memory/hdl/xpm_memory.sv:56]
INFO: [Synth 8-6157] synthesizing module 'xpm_cdc_gray' [D:/Xilinx/Vivado/2022.2/data/ip/xpm/xpm_cdc/hdl/xpm_cdc.sv:283]
INFO: [Synth 8-6155] done synthesizing module 'xpm_cdc_gray' (0#1) [D:/Xilinx/Vivado/2022.2/data/ip/xpm/xpm_cdc/hdl/xpm_cdc.sv:283]
INFO: [Synth 8-6157] synthesizing module 'xpm_fifo_reg_vec' [D:/Xilinx/Vivado/2022.2/data/ip/xpm/xpm_fifo/hdl/xpm_fifo.sv:1885]
INFO: [Synth 8-6155] done synthesizing module 'xpm_fifo_reg_vec' (0#1) [D:/Xilinx/Vivado/2022.2/data/ip/xpm/xpm_fifo/hdl/xpm_fifo.sv:1885]
INFO: [Synth 8-6157] synthesizing module 'xpm_cdc_gray__parameterized0' [D:/Xilinx/Vivado/2022.2/data/ip/xpm/xpm_cdc/hdl/xpm_cdc.sv:283]
INFO: [Synth 8-6155] done synthesizing module 'xpm_cdc_gray__parameterized0' (0#1) [D:/Xilinx/Vivado/2022.2/data/ip/xpm/xpm_cdc/hdl/xpm_cdc.sv:283]
INFO: [Synth 8-6157] synthesizing module 'xpm_fifo_reg_vec__parameterized0' [D:/Xilinx/Vivado/2022.2/data/ip/xpm/xpm_fifo/hdl/xpm_fifo.sv:1885]
INFO: [Synth 8-6155] done synthesizing module 'xpm_fifo_reg_vec__parameterized0' (0#1) [D:/Xilinx/Vivado/2022.2/data/ip/xpm/xpm_fifo/hdl/xpm_fifo.sv:1885]
INFO: [Synth 8-6157] synthesizing module 'xpm_cdc_gray__parameterized1' [D:/Xilinx/Vivado/2022.2/data/ip/xpm/xpm_cdc/hdl/xpm_cdc.sv:283]
INFO: [Synth 8-6155] done synthesizing module 'xpm_cdc_gray__parameterized1' (0#1) [D:/Xilinx/Vivado/2022.2/data/ip/xpm/xpm_cdc/hdl/xpm_cdc.sv:283]
INFO: [Synth 8-226] default block is never used [D:/Xilinx/Vivado/2022.2/data/ip/xpm/xpm_fifo/hdl/xpm_fifo.sv:1207]
INFO: [Synth 8-226] default block is never used [D:/Xilinx/Vivado/2022.2/data/ip/xpm/xpm_fifo/hdl/xpm_fifo.sv:1274]
INFO: [Synth 8-226] default block is never used [D:/Xilinx/Vivado/2022.2/data/ip/xpm/xpm_fifo/hdl/xpm_fifo.sv:1296]
INFO: [Synth 8-6157] synthesizing module 'xpm_fifo_reg_bit' [D:/Xilinx/Vivado/2022.2/data/ip/xpm/xpm_fifo/hdl/xpm_fifo.sv:1907]
INFO: [Synth 8-6155] done synthesizing module 'xpm_fifo_reg_bit' (0#1) [D:/Xilinx/Vivado/2022.2/data/ip/xpm/xpm_fifo/hdl/xpm_fifo.sv:1907]
INFO: [Synth 8-6157] synthesizing module 'xpm_counter_updn' [D:/Xilinx/Vivado/2022.2/data/ip/xpm/xpm_fifo/hdl/xpm_fifo.sv:1859]
INFO: [Synth 8-6155] done synthesizing module 'xpm_counter_updn' (0#1) [D:/Xilinx/Vivado/2022.2/data/ip/xpm/xpm_fifo/hdl/xpm_fifo.sv:1859]
INFO: [Synth 8-6157] synthesizing module 'xpm_fifo_rst' [D:/Xilinx/Vivado/2022.2/data/ip/xpm/xpm_fifo/hdl/xpm_fifo.sv:1619]
INFO: [Synth 8-6155] done synthesizing module 'xpm_fifo_rst' (0#1) [D:/Xilinx/Vivado/2022.2/data/ip/xpm/xpm_fifo/hdl/xpm_fifo.sv:1619]
INFO: [Synth 8-6157] synthesizing module 'xpm_counter_updn__parameterized0' [D:/Xilinx/Vivado/2022.2/data/ip/xpm/xpm_fifo/hdl/xpm_fifo.sv:1859]
INFO: [Synth 8-6155] done synthesizing module 'xpm_counter_updn__parameterized0' (0#1) [D:/Xilinx/Vivado/2022.2/data/ip/xpm/xpm_fifo/hdl/xpm_fifo.sv:1859]
INFO: [Synth 8-6157] synthesizing module 'xpm_counter_updn__parameterized1' [D:/Xilinx/Vivado/2022.2/data/ip/xpm/xpm_fifo/hdl/xpm_fifo.sv:1859]
INFO: [Synth 8-6155] done synthesizing module 'xpm_counter_updn__parameterized1' (0#1) [D:/Xilinx/Vivado/2022.2/data/ip/xpm/xpm_fifo/hdl/xpm_fifo.sv:1859]
INFO: [Synth 8-6157] synthesizing module 'xpm_counter_updn__parameterized2' [D:/Xilinx/Vivado/2022.2/data/ip/xpm/xpm_fifo/hdl/xpm_fifo.sv:1859]
INFO: [Synth 8-6155] done synthesizing module 'xpm_counter_updn__parameterized2' (0#1) [D:/Xilinx/Vivado/2022.2/data/ip/xpm/xpm_fifo/hdl/xpm_fifo.sv:1859]
INFO: [Synth 8-6155] done synthesizing module 'xpm_fifo_base' (0#1) [D:/Xilinx/Vivado/2022.2/data/ip/xpm/xpm_fifo/hdl/xpm_fifo.sv:55]
INFO: [Synth 8-6155] done synthesizing module 'xpm_fifo_axis' (0#1) [D:/Xilinx/Vivado/2022.2/data/ip/xpm/xpm_fifo/hdl/xpm_fifo.sv:2349]
INFO: [Synth 8-6155] done synthesizing module 'axis_data_fifo_v2_0_9_top' (0#1) [d:/Coding/Vivado/Snake-VGA/Grigorev_VGA/Grigorev_VGA.gen/sources_1/bd/design_1/ipshared/dbd8/hdl/axis_data_fifo_v2_0_vl_rfs.v:54]
INFO: [Synth 8-6155] done synthesizing module 'design_1_axis_data_fifo_0_0' (0#1) [d:/Coding/Vivado/Snake-VGA/Grigorev_VGA/Grigorev_VGA.gen/sources_1/bd/design_1/ip/design_1_axis_data_fifo_0_0/synth/design_1_axis_data_fifo_0_0.v:53]
WARNING: [Synth 8-6014] Unused sequential element gen_rd_b.gen_doutb_pipe.enb_pipe_reg[0] was removed.  [D:/Xilinx/Vivado/2022.2/data/ip/xpm/xpm_memory/hdl/xpm_memory.sv:3017]
WARNING: [Synth 8-6014] Unused sequential element dest_out_bin_ff_reg was removed.  [D:/Xilinx/Vivado/2022.2/data/ip/xpm/xpm_cdc/hdl/xpm_cdc.sv:417]
WARNING: [Synth 8-6014] Unused sequential element dest_out_bin_ff_reg was removed.  [D:/Xilinx/Vivado/2022.2/data/ip/xpm/xpm_cdc/hdl/xpm_cdc.sv:417]
WARNING: [Synth 8-6014] Unused sequential element dest_out_bin_ff_reg was removed.  [D:/Xilinx/Vivado/2022.2/data/ip/xpm/xpm_cdc/hdl/xpm_cdc.sv:417]
WARNING: [Synth 8-6014] Unused sequential element gdvld.data_valid_std_reg was removed.  [D:/Xilinx/Vivado/2022.2/data/ip/xpm/xpm_fifo/hdl/xpm_fifo.sv:537]
WARNING: [Synth 8-6014] Unused sequential element gen_fwft.empty_fwft_fb_reg was removed.  [D:/Xilinx/Vivado/2022.2/data/ip/xpm/xpm_fifo/hdl/xpm_fifo.sv:1391]
WARNING: [Synth 8-7129] Port ACLK in module axis_infrastructure_v1_1_0_util_aclken_converter_wrapper is either unconnected or has no load
WARNING: [Synth 8-7129] Port ARESETN in module axis_infrastructure_v1_1_0_util_aclken_converter_wrapper is either unconnected or has no load
WARNING: [Synth 8-7129] Port S_ACLKEN in module axis_infrastructure_v1_1_0_util_aclken_converter_wrapper is either unconnected or has no load
WARNING: [Synth 8-7129] Port M_ACLKEN in module axis_infrastructure_v1_1_0_util_aclken_converter_wrapper is either unconnected or has no load
WARNING: [Synth 8-7129] Port sleep in module xpm_memory_base is either unconnected or has no load
WARNING: [Synth 8-7129] Port rsta in module xpm_memory_base is either unconnected or has no load
WARNING: [Synth 8-7129] Port regcea in module xpm_memory_base is either unconnected or has no load
WARNING: [Synth 8-7129] Port injectsbiterra in module xpm_memory_base is either unconnected or has no load
WARNING: [Synth 8-7129] Port injectdbiterra in module xpm_memory_base is either unconnected or has no load
WARNING: [Synth 8-7129] Port dinb[23] in module xpm_memory_base is either unconnected or has no load
WARNING: [Synth 8-7129] Port dinb[22] in module xpm_memory_base is either unconnected or has no load
WARNING: [Synth 8-7129] Port dinb[21] in module xpm_memory_base is either unconnected or has no load
WARNING: [Synth 8-7129] Port dinb[20] in module xpm_memory_base is either unconnected or has no load
WARNING: [Synth 8-7129] Port dinb[19] in module xpm_memory_base is either unconnected or has no load
WARNING: [Synth 8-7129] Port dinb[18] in module xpm_memory_base is either unconnected or has no load
WARNING: [Synth 8-7129] Port dinb[17] in module xpm_memory_base is either unconnected or has no load
WARNING: [Synth 8-7129] Port dinb[16] in module xpm_memory_base is either unconnected or has no load
WARNING: [Synth 8-7129] Port dinb[15] in module xpm_memory_base is either unconnected or has no load
WARNING: [Synth 8-7129] Port dinb[14] in module xpm_memory_base is either unconnected or has no load
WARNING: [Synth 8-7129] Port dinb[13] in module xpm_memory_base is either unconnected or has no load
WARNING: [Synth 8-7129] Port dinb[12] in module xpm_memory_base is either unconnected or has no load
WARNING: [Synth 8-7129] Port dinb[11] in module xpm_memory_base is either unconnected or has no load
WARNING: [Synth 8-7129] Port dinb[10] in module xpm_memory_base is either unconnected or has no load
WARNING: [Synth 8-7129] Port dinb[9] in module xpm_memory_base is either unconnected or has no load
WARNING: [Synth 8-7129] Port dinb[8] in module xpm_memory_base is either unconnected or has no load
WARNING: [Synth 8-7129] Port dinb[7] in module xpm_memory_base is either unconnected or has no load
WARNING: [Synth 8-7129] Port dinb[6] in module xpm_memory_base is either unconnected or has no load
WARNING: [Synth 8-7129] Port dinb[5] in module xpm_memory_base is either unconnected or has no load
WARNING: [Synth 8-7129] Port dinb[4] in module xpm_memory_base is either unconnected or has no load
WARNING: [Synth 8-7129] Port dinb[3] in module xpm_memory_base is either unconnected or has no load
WARNING: [Synth 8-7129] Port dinb[2] in module xpm_memory_base is either unconnected or has no load
WARNING: [Synth 8-7129] Port dinb[1] in module xpm_memory_base is either unconnected or has no load
WARNING: [Synth 8-7129] Port dinb[0] in module xpm_memory_base is either unconnected or has no load
WARNING: [Synth 8-7129] Port injectsbiterrb in module xpm_memory_base is either unconnected or has no load
WARNING: [Synth 8-7129] Port injectdbiterrb in module xpm_memory_base is either unconnected or has no load
---------------------------------------------------------------------------------
Finished RTL Elaboration : Time (s): cpu = 00:00:06 ; elapsed = 00:00:15 . Memory (MB): peak = 1977.660 ; gain = 531.129
---------------------------------------------------------------------------------
---------------------------------------------------------------------------------
Start Handling Custom Attributes
---------------------------------------------------------------------------------
---------------------------------------------------------------------------------
Finished Handling Custom Attributes : Time (s): cpu = 00:00:06 ; elapsed = 00:00:15 . Memory (MB): peak = 1977.660 ; gain = 531.129
---------------------------------------------------------------------------------
---------------------------------------------------------------------------------
Finished RTL Optimization Phase 1 : Time (s): cpu = 00:00:06 ; elapsed = 00:00:15 . Memory (MB): peak = 1977.660 ; gain = 531.129
---------------------------------------------------------------------------------
Netlist sorting complete. Time (s): cpu = 00:00:00 ; elapsed = 00:00:00.009 . Memory (MB): peak = 1977.660 ; gain = 0.000
INFO: [Project 1-570] Preparing netlist for logic optimization

Processing XDC Constraints
Initializing timing engine
Parsing XDC File [d:/Coding/Vivado/Snake-VGA/Grigorev_VGA/Grigorev_VGA.gen/sources_1/bd/design_1/ip/design_1_axis_data_fifo_0_0/design_1_axis_data_fifo_0_0_ooc.xdc] for cell 'inst'
Finished Parsing XDC File [d:/Coding/Vivado/Snake-VGA/Grigorev_VGA/Grigorev_VGA.gen/sources_1/bd/design_1/ip/design_1_axis_data_fifo_0_0/design_1_axis_data_fifo_0_0_ooc.xdc] for cell 'inst'
Parsing XDC File [D:/Coding/Vivado/Snake-VGA/Grigorev_VGA/Grigorev_VGA.runs/design_1_axis_data_fifo_0_0_synth_1/dont_touch.xdc]
Finished Parsing XDC File [D:/Coding/Vivado/Snake-VGA/Grigorev_VGA/Grigorev_VGA.runs/design_1_axis_data_fifo_0_0_synth_1/dont_touch.xdc]
INFO: [Project 1-236] Implementation specific constraints were found while reading constraint file [D:/Xilinx/Vivado/2022.2/data/ip/xpm/xpm_cdc/tcl/xpm_cdc_gray.tcl]. These constraints will be ignored for synthesis but will be used in implementation. Impacted constraints are listed in the file [.Xil/design_1_axis_data_fifo_0_0_propImpl.xdc].
Resolution: To avoid this warning, move constraints listed in [.Xil/design_1_axis_data_fifo_0_0_propImpl.xdc] to another XDC file and exclude this new file from synthesis with the used_in_synthesis property (File Properties dialog in GUI) and re-run elaboration/synthesis.
INFO: [Project 1-236] Implementation specific constraints were found while reading constraint file [D:/Xilinx/Vivado/2022.2/data/ip/xpm/xpm_fifo/tcl/xpm_fifo_rst_axis.tcl]. These constraints will be ignored for synthesis but will be used in implementation. Impacted constraints are listed in the file [.Xil/design_1_axis_data_fifo_0_0_propImpl.xdc].
Resolution: To avoid this warning, move constraints listed in [.Xil/design_1_axis_data_fifo_0_0_propImpl.xdc] to another XDC file and exclude this new file from synthesis with the used_in_synthesis property (File Properties dialog in GUI) and re-run elaboration/synthesis.
INFO: [Project 1-1714] 8 XPM XDC files have been applied to the design.
Completed Processing XDC Constraints

Netlist sorting complete. Time (s): cpu = 00:00:00 ; elapsed = 00:00:00.001 . Memory (MB): peak = 2064.496 ; gain = 0.000
INFO: [Project 1-111] Unisim Transformation Summary:
No Unisim elements were transformed.

Constraint Validation Runtime : Time (s): cpu = 00:00:00 ; elapsed = 00:00:00.032 . Memory (MB): peak = 2065.184 ; gain = 0.688
INFO: [Designutils 20-5008] Incremental synthesis strategy off
INFO: [Synth 8-11241] undeclared symbol 'REGCCE', assumed default net type 'wire' [D:/Xilinx/Vivado/2022.2/data/verilog/src/unimacro/BRAM_SINGLE_MACRO.v:2170]
---------------------------------------------------------------------------------
Finished Constraint Validation : Time (s): cpu = 00:00:10 ; elapsed = 00:00:25 . Memory (MB): peak = 2065.184 ; gain = 618.652
---------------------------------------------------------------------------------
---------------------------------------------------------------------------------
Start Loading Part and Timing Information
---------------------------------------------------------------------------------
Loading part: xc7z020clg484-1
---------------------------------------------------------------------------------
Finished Loading Part and Timing Information : Time (s): cpu = 00:00:10 ; elapsed = 00:00:25 . Memory (MB): peak = 2065.184 ; gain = 618.652
---------------------------------------------------------------------------------
---------------------------------------------------------------------------------
Start Applying 'set_property' XDC Constraints
---------------------------------------------------------------------------------
Applied set_property KEEP_HIERARCHY = SOFT for inst. (constraint file  D:/Coding/Vivado/Snake-VGA/Grigorev_VGA/Grigorev_VGA.runs/design_1_axis_data_fifo_0_0_synth_1/dont_touch.xdc, line 9).
Applied set_property KEEP_HIERARCHY = SOFT for inst/\gen_fifo.xpm_fifo_axis_inst /xpm_fifo_base_inst/\gen_cdc_pntr.rd_pntr_cdc_inst . (constraint file  auto generated constraint).
Applied set_property KEEP_HIERARCHY = SOFT for inst/\gen_fifo.xpm_fifo_axis_inst /xpm_fifo_base_inst/\gen_cdc_pntr.wr_pntr_cdc_inst . (constraint file  auto generated constraint).
Applied set_property KEEP_HIERARCHY = SOFT for inst/\gen_fifo.xpm_fifo_axis_inst /xpm_fifo_base_inst/\gen_cdc_pntr.rd_pntr_cdc_dc_inst . (constraint file  auto generated constraint).
Applied set_property KEEP_HIERARCHY = SOFT for inst/\gen_fifo.xpm_fifo_axis_inst /xpm_fifo_base_inst/\gen_cdc_pntr.wr_pntr_cdc_dc_inst . (constraint file  auto generated constraint).
Applied set_property KEEP_HIERARCHY = SOFT for inst/\gen_fifo.xpm_fifo_axis_inst /\gaxis_rst_sync.xpm_cdc_sync_rst_inst . (constraint file  auto generated constraint).
Applied set_property KEEP_HIERARCHY = SOFT for inst/\gen_fifo.xpm_fifo_axis_inst /xpm_fifo_base_inst/xpm_fifo_rst_inst/\gen_rst_ic.rrst_wr_inst . (constraint file  auto generated constraint).
Applied set_property KEEP_HIERARCHY = SOFT for inst/\gen_fifo.xpm_fifo_axis_inst /xpm_fifo_base_inst/xpm_fifo_rst_inst/\gen_rst_ic.wrst_rd_inst . (constraint file  auto generated constraint).
Applied set_property KEEP_HIERARCHY = SOFT for inst/\gen_fifo.xpm_fifo_axis_inst . (constraint file  auto generated constraint).
---------------------------------------------------------------------------------
Finished applying 'set_property' XDC Constraints : Time (s): cpu = 00:00:10 ; elapsed = 00:00:25 . Memory (MB): peak = 2065.184 ; gain = 618.652
---------------------------------------------------------------------------------
INFO: [Synth 8-802] inferred FSM for state register 'gen_rst_ic.curr_wrst_state_reg' in module 'xpm_fifo_rst'
INFO: [Synth 8-802] inferred FSM for state register 'gen_rst_ic.curr_rrst_state_reg' in module 'xpm_fifo_rst'
INFO: [Synth 8-802] inferred FSM for state register 'gen_fwft.curr_fwft_state_reg' in module 'xpm_fifo_base'
INFO: [Synth 8-5552] Implemented safe state 'default_state' for state register 'gen_rst_ic.curr_wrst_state_reg' in module 'xpm_fifo_rst'
---------------------------------------------------------------------------------------------------
                   State |                     New Encoding |                Previous Encoding 
---------------------------------------------------------------------------------------------------
*
               WRST_IDLE |                            00001 |                              000
                 WRST_IN |                            00010 |                              010
                WRST_OUT |                            00100 |                              111
               WRST_EXIT |                            01000 |                              110
            WRST_GO2IDLE |                            10000 |                              100
---------------------------------------------------------------------------------------------------
INFO: [Synth 8-3354] encoded FSM with state register 'gen_rst_ic.curr_wrst_state_reg' using encoding 'one-hot' in module 'xpm_fifo_rst'
INFO: [Synth 8-5552] Implemented safe state 'default_state' for state register 'gen_rst_ic.curr_rrst_state_reg' in module 'xpm_fifo_rst'
---------------------------------------------------------------------------------------------------
                   State |                     New Encoding |                Previous Encoding 
---------------------------------------------------------------------------------------------------
*
               RRST_IDLE |                               00 |                               00
                 RRST_IN |                               01 |                               10
                RRST_OUT |                               10 |                               11
               RRST_EXIT |                               11 |                               01
---------------------------------------------------------------------------------------------------
INFO: [Synth 8-3354] encoded FSM with state register 'gen_rst_ic.curr_rrst_state_reg' using encoding 'sequential' in module 'xpm_fifo_rst'
---------------------------------------------------------------------------------------------------
                   State |                     New Encoding |                Previous Encoding 
---------------------------------------------------------------------------------------------------
                 invalid |                               00 |                               00
            stage1_valid |                               01 |                               10
       both_stages_valid |                               10 |                               11
            stage2_valid |                               11 |                               01
---------------------------------------------------------------------------------------------------
INFO: [Synth 8-3354] encoded FSM with state register 'gen_fwft.curr_fwft_state_reg' using encoding 'sequential' in module 'xpm_fifo_base'
---------------------------------------------------------------------------------
Finished RTL Optimization Phase 2 : Time (s): cpu = 00:00:10 ; elapsed = 00:00:26 . Memory (MB): peak = 2065.184 ; gain = 618.652
---------------------------------------------------------------------------------
---------------------------------------------------------------------------------
Start RTL Component Statistics 
---------------------------------------------------------------------------------
Detailed RTL Component Info : 
+---Adders : 
	   4 Input   15 Bit       Adders := 3     
	   2 Input   15 Bit       Adders := 2     
	   4 Input   14 Bit       Adders := 3     
	   4 Input    2 Bit       Adders := 1     
+---XORs : 
	   2 Input     15 Bit         XORs := 2     
	   2 Input     14 Bit         XORs := 2     
	   2 Input      1 Bit         XORs := 54    
+---Registers : 
	               24 Bit    Registers := 2     
	               15 Bit    Registers := 13    
	               14 Bit    Registers := 11    
	                2 Bit    Registers := 5     
	                1 Bit    Registers := 14    
+---RAMs : 
	             384K Bit	(16384 X 24 bit)          RAMs := 1     
+---Muxes : 
	   6 Input    5 Bit        Muxes := 1     
	   2 Input    5 Bit        Muxes := 8     
	   5 Input    2 Bit        Muxes := 1     
	   2 Input    2 Bit        Muxes := 33    
	   4 Input    2 Bit        Muxes := 7     
	   2 Input    1 Bit        Muxes := 5     
	   6 Input    1 Bit        Muxes := 2     
	   5 Input    1 Bit        Muxes := 3     
	   4 Input    1 Bit        Muxes := 2     
---------------------------------------------------------------------------------
Finished RTL Component Statistics 
---------------------------------------------------------------------------------
---------------------------------------------------------------------------------
Start Part Resource Summary
---------------------------------------------------------------------------------
Part Resources:
DSPs: 220 (col length:60)
BRAMs: 280 (col length: RAMB18 60 RAMB36 30)
---------------------------------------------------------------------------------
Finished Part Resource Summary
---------------------------------------------------------------------------------
---------------------------------------------------------------------------------
Start Cross Boundary and Area Optimization
---------------------------------------------------------------------------------
WARNING: [Synth 8-7080] Parallel synthesis criteria is not met
WARNING: [Synth 8-7129] Port rsta in module xpm_memory_base is either unconnected or has no load
WARNING: [Synth 8-7129] Port regcea in module xpm_memory_base is either unconnected or has no load
WARNING: [Synth 8-7129] Port injectsbiterra in module xpm_memory_base is either unconnected or has no load
WARNING: [Synth 8-7129] Port injectdbiterra in module xpm_memory_base is either unconnected or has no load
WARNING: [Synth 8-7129] Port dinb[23] in module xpm_memory_base is either unconnected or has no load
WARNING: [Synth 8-7129] Port dinb[22] in module xpm_memory_base is either unconnected or has no load
WARNING: [Synth 8-7129] Port dinb[21] in module xpm_memory_base is either unconnected or has no load
WARNING: [Synth 8-7129] Port dinb[20] in module xpm_memory_base is either unconnected or has no load
WARNING: [Synth 8-7129] Port dinb[19] in module xpm_memory_base is either unconnected or has no load
WARNING: [Synth 8-7129] Port dinb[18] in module xpm_memory_base is either unconnected or has no load
WARNING: [Synth 8-7129] Port dinb[17] in module xpm_memory_base is either unconnected or has no load
WARNING: [Synth 8-7129] Port dinb[16] in module xpm_memory_base is either unconnected or has no load
WARNING: [Synth 8-7129] Port dinb[15] in module xpm_memory_base is either unconnected or has no load
WARNING: [Synth 8-7129] Port dinb[14] in module xpm_memory_base is either unconnected or has no load
WARNING: [Synth 8-7129] Port dinb[13] in module xpm_memory_base is either unconnected or has no load
WARNING: [Synth 8-7129] Port dinb[12] in module xpm_memory_base is either unconnected or has no load
WARNING: [Synth 8-7129] Port dinb[11] in module xpm_memory_base is either unconnected or has no load
WARNING: [Synth 8-7129] Port dinb[10] in module xpm_memory_base is either unconnected or has no load
WARNING: [Synth 8-7129] Port dinb[9] in module xpm_memory_base is either unconnected or has no load
WARNING: [Synth 8-7129] Port dinb[8] in module xpm_memory_base is either unconnected or has no load
WARNING: [Synth 8-7129] Port dinb[7] in module xpm_memory_base is either unconnected or has no load
WARNING: [Synth 8-7129] Port dinb[6] in module xpm_memory_base is either unconnected or has no load
WARNING: [Synth 8-7129] Port dinb[5] in module xpm_memory_base is either unconnected or has no load
WARNING: [Synth 8-7129] Port dinb[4] in module xpm_memory_base is either unconnected or has no load
WARNING: [Synth 8-7129] Port dinb[3] in module xpm_memory_base is either unconnected or has no load
WARNING: [Synth 8-7129] Port dinb[2] in module xpm_memory_base is either unconnected or has no load
WARNING: [Synth 8-7129] Port dinb[1] in module xpm_memory_base is either unconnected or has no load
WARNING: [Synth 8-7129] Port dinb[0] in module xpm_memory_base is either unconnected or has no load
WARNING: [Synth 8-7129] Port injectsbiterrb in module xpm_memory_base is either unconnected or has no load
WARNING: [Synth 8-7129] Port injectdbiterrb in module xpm_memory_base is either unconnected or has no load
WARNING: [Synth 8-7129] Port s_axis_aclken in module axis_data_fifo_v2_0_9_top is either unconnected or has no load
WARNING: [Synth 8-7129] Port s_axis_tstrb[1] in module axis_data_fifo_v2_0_9_top is either unconnected or has no load
WARNING: [Synth 8-7129] Port s_axis_tstrb[0] in module axis_data_fifo_v2_0_9_top is either unconnected or has no load
WARNING: [Synth 8-7129] Port s_axis_tid[0] in module axis_data_fifo_v2_0_9_top is either unconnected or has no load
WARNING: [Synth 8-7129] Port s_axis_tdest[0] in module axis_data_fifo_v2_0_9_top is either unconnected or has no load
WARNING: [Synth 8-7129] Port s_axis_tuser[0] in module axis_data_fifo_v2_0_9_top is either unconnected or has no load
WARNING: [Synth 8-7129] Port m_axis_aclken in module axis_data_fifo_v2_0_9_top is either unconnected or has no load
INFO: [Synth 8-5784] Optimized 5 bits of RAM "gen_wr_a.gen_word_narrow.mem_reg" due to constant propagation. Old ram width 24 bits, new ram width 19 bits.
---------------------------------------------------------------------------------
Finished Cross Boundary and Area Optimization : Time (s): cpu = 00:00:11 ; elapsed = 00:00:29 . Memory (MB): peak = 2065.184 ; gain = 618.652
---------------------------------------------------------------------------------
---------------------------------------------------------------------------------
Start ROM, RAM, DSP, Shift Register and Retiming Reporting
---------------------------------------------------------------------------------

Block RAM: Preliminary Mapping Report (see note below)
+----------------------------------------------------------------------------------------+----------------------------------+------------------------+---+---+------------------------+---+---+------------------+--------+--------+
|Module Name                                                                             | RTL Object                       | PORT A (Depth x Width) | W | R | PORT B (Depth x Width) | W | R | Ports driving FF | RAMB18 | RAMB36 | 
+----------------------------------------------------------------------------------------+----------------------------------+------------------------+---+---+------------------------+---+---+------------------+--------+--------+
|inst/\gen_fifo.xpm_fifo_axis_inst /xpm_fifo_base_inst/\gen_sdpram.xpm_memory_base_inst  | gen_wr_a.gen_word_narrow.mem_reg | 16 K x 24(NO_CHANGE)   | W |   | 16 K x 24(WRITE_FIRST) |   | R | Port A and B     | 1      | 9      | 
+----------------------------------------------------------------------------------------+----------------------------------+------------------------+---+---+------------------------+---+---+------------------+--------+--------+

Note: The table above is a preliminary report that shows the Block RAMs at the current stage of the synthesis flow. Some Block RAMs may be reimplemented as non Block RAM primitives later in the synthesis flow. Multiple instantiated Block RAMs are reported only once. 
---------------------------------------------------------------------------------
Finished ROM, RAM, DSP, Shift Register and Retiming Reporting
---------------------------------------------------------------------------------
---------------------------------------------------------------------------------
Start Applying XDC Timing Constraints
---------------------------------------------------------------------------------
---------------------------------------------------------------------------------
Finished Applying XDC Timing Constraints : Time (s): cpu = 00:00:13 ; elapsed = 00:00:37 . Memory (MB): peak = 2065.184 ; gain = 618.652
---------------------------------------------------------------------------------
---------------------------------------------------------------------------------
Start Timing Optimization
---------------------------------------------------------------------------------
---------------------------------------------------------------------------------
Finished Timing Optimization : Time (s): cpu = 00:00:13 ; elapsed = 00:00:37 . Memory (MB): peak = 2065.184 ; gain = 618.652
---------------------------------------------------------------------------------
---------------------------------------------------------------------------------
Start ROM, RAM, DSP, Shift Register and Retiming Reporting
---------------------------------------------------------------------------------

Block RAM: Final Mapping Report
+----------------------------------------------------------------------------------------+----------------------------------+------------------------+---+---+------------------------+---+---+------------------+--------+--------+
|Module Name                                                                             | RTL Object                       | PORT A (Depth x Width) | W | R | PORT B (Depth x Width) | W | R | Ports driving FF | RAMB18 | RAMB36 | 
+----------------------------------------------------------------------------------------+----------------------------------+------------------------+---+---+------------------------+---+---+------------------+--------+--------+
|inst/\gen_fifo.xpm_fifo_axis_inst /xpm_fifo_base_inst/\gen_sdpram.xpm_memory_base_inst  | gen_wr_a.gen_word_narrow.mem_reg | 16 K x 24(NO_CHANGE)   | W |   | 16 K x 24(WRITE_FIRST) |   | R | Port A and B     | 1      | 9      | 
+----------------------------------------------------------------------------------------+----------------------------------+------------------------+---+---+------------------------+---+---+------------------+--------+--------+

---------------------------------------------------------------------------------
Finished ROM, RAM, DSP, Shift Register and Retiming Reporting
---------------------------------------------------------------------------------
---------------------------------------------------------------------------------
Start Technology Mapping
---------------------------------------------------------------------------------
---------------------------------------------------------------------------------
Finished Technology Mapping : Time (s): cpu = 00:00:13 ; elapsed = 00:00:38 . Memory (MB): peak = 2065.184 ; gain = 618.652
---------------------------------------------------------------------------------
---------------------------------------------------------------------------------
Start IO Insertion
---------------------------------------------------------------------------------
---------------------------------------------------------------------------------
Start Flattening Before IO Insertion
---------------------------------------------------------------------------------
---------------------------------------------------------------------------------
Finished Flattening Before IO Insertion
---------------------------------------------------------------------------------
---------------------------------------------------------------------------------
Start Final Netlist Cleanup
---------------------------------------------------------------------------------
---------------------------------------------------------------------------------
Finished Final Netlist Cleanup
---------------------------------------------------------------------------------
---------------------------------------------------------------------------------
Finished IO Insertion : Time (s): cpu = 00:00:15 ; elapsed = 00:00:44 . Memory (MB): peak = 2065.184 ; gain = 618.652
---------------------------------------------------------------------------------
---------------------------------------------------------------------------------
Start Renaming Generated Instances
---------------------------------------------------------------------------------
---------------------------------------------------------------------------------
Finished Renaming Generated Instances : Time (s): cpu = 00:00:15 ; elapsed = 00:00:44 . Memory (MB): peak = 2065.184 ; gain = 618.652
---------------------------------------------------------------------------------
---------------------------------------------------------------------------------
Start Rebuilding User Hierarchy
---------------------------------------------------------------------------------
---------------------------------------------------------------------------------
Finished Rebuilding User Hierarchy : Time (s): cpu = 00:00:15 ; elapsed = 00:00:44 . Memory (MB): peak = 2065.184 ; gain = 618.652
---------------------------------------------------------------------------------
---------------------------------------------------------------------------------
Start Renaming Generated Ports
---------------------------------------------------------------------------------
---------------------------------------------------------------------------------
Finished Renaming Generated Ports : Time (s): cpu = 00:00:15 ; elapsed = 00:00:44 . Memory (MB): peak = 2065.184 ; gain = 618.652
---------------------------------------------------------------------------------
---------------------------------------------------------------------------------
Start Handling Custom Attributes
---------------------------------------------------------------------------------
---------------------------------------------------------------------------------
Finished Handling Custom Attributes : Time (s): cpu = 00:00:15 ; elapsed = 00:00:44 . Memory (MB): peak = 2065.184 ; gain = 618.652
---------------------------------------------------------------------------------
---------------------------------------------------------------------------------
Start Renaming Generated Nets
---------------------------------------------------------------------------------
---------------------------------------------------------------------------------
Finished Renaming Generated Nets : Time (s): cpu = 00:00:15 ; elapsed = 00:00:44 . Memory (MB): peak = 2065.184 ; gain = 618.652
---------------------------------------------------------------------------------
---------------------------------------------------------------------------------
Start Writing Synthesis Report
---------------------------------------------------------------------------------

Report BlackBoxes: 
+-+--------------+----------+
| |BlackBox name |Instances |
+-+--------------+----------+
+-+--------------+----------+

Report Cell Usage: 
+------+---------+------+
|      |Cell     |Count |
+------+---------+------+
|1     |CARRY4   |    36|
|2     |LUT1     |     2|
|3     |LUT2     |    82|
|4     |LUT3     |    33|
|5     |LUT4     |    36|
|6     |LUT5     |    24|
|7     |LUT6     |    33|
|8     |RAMB18E1 |     1|
|9     |RAMB36E1 |     9|
|10    |FDRE     |   357|
|11    |FDSE     |     6|
+------+---------+------+
---------------------------------------------------------------------------------
Finished Writing Synthesis Report : Time (s): cpu = 00:00:15 ; elapsed = 00:00:44 . Memory (MB): peak = 2065.184 ; gain = 618.652
---------------------------------------------------------------------------------
Synthesis finished with 0 errors, 0 critical warnings and 38 warnings.
Synthesis Optimization Runtime : Time (s): cpu = 00:00:08 ; elapsed = 00:00:42 . Memory (MB): peak = 2065.184 ; gain = 531.129
Synthesis Optimization Complete : Time (s): cpu = 00:00:15 ; elapsed = 00:00:44 . Memory (MB): peak = 2065.184 ; gain = 618.652
INFO: [Project 1-571] Translating synthesized netlist
Netlist sorting complete. Time (s): cpu = 00:00:00 ; elapsed = 00:00:00.008 . Memory (MB): peak = 2065.184 ; gain = 0.000
INFO: [Netlist 29-17] Analyzing 46 Unisim elements for replacement
INFO: [Netlist 29-28] Unisim Transformation completed in 0 CPU seconds
INFO: [Project 1-570] Preparing netlist for logic optimization
INFO: [Opt 31-138] Pushed 0 inverter(s) to 0 load pin(s).
Netlist sorting complete. Time (s): cpu = 00:00:00 ; elapsed = 00:00:00.001 . Memory (MB): peak = 2065.184 ; gain = 0.000
INFO: [Project 1-111] Unisim Transformation Summary:
No Unisim elements were transformed.

Synth Design complete, checksum: 6e7f6b94
INFO: [Common 17-83] Releasing license: Synthesis
78 Infos, 79 Warnings, 0 Critical Warnings and 0 Errors encountered.
synth_design completed successfully
synth_design: Time (s): cpu = 00:00:17 ; elapsed = 00:00:52 . Memory (MB): peak = 2065.184 ; gain = 1020.941
INFO: [Common 17-1381] The checkpoint 'D:/Coding/Vivado/Snake-VGA/Grigorev_VGA/Grigorev_VGA.runs/design_1_axis_data_fifo_0_0_synth_1/design_1_axis_data_fifo_0_0.dcp' has been generated.
INFO: [Coretcl 2-1648] Added synthesis output to IP cache for IP design_1_axis_data_fifo_0_0, cache-ID = 9244e6ab36efe1f3
INFO: [Coretcl 2-1174] Renamed 22 cell refs.
INFO: [Common 17-1381] The checkpoint 'D:/Coding/Vivado/Snake-VGA/Grigorev_VGA/Grigorev_VGA.runs/design_1_axis_data_fifo_0_0_synth_1/design_1_axis_data_fifo_0_0.dcp' has been generated.
INFO: [runtcl-4] Executing : report_utilization -file design_1_axis_data_fifo_0_0_utilization_synth.rpt -pb design_1_axis_data_fifo_0_0_utilization_synth.pb
INFO: [Common 17-206] Exiting Vivado at Sun Jan  7 01:17:28 2024...
