
*** Running vivado
    with args -log SNAKEGAME2AXIS.vds -m64 -product Vivado -mode batch -messageDb vivado.pb -notrace -source SNAKEGAME2AXIS.tcl



****** Vivado v2022.2 (64-bit)
  **** SW Build 3671981 on Fri Oct 14 05:00:03 MDT 2022
  **** IP Build 3669848 on Fri Oct 14 08:30:02 MDT 2022
    ** Copyright 1986-2022 Xilinx, Inc. All Rights Reserved.

source SNAKEGAME2AXIS.tcl -notrace
Command: read_checkpoint -auto_incremental -incremental D:/Coding/Vivado/Snake-VGA/SnakeGame2Axis/SnakeGame2Axis.srcs/utils_1/imports/synth_1/SNAKEGAME2AXIS.dcp
INFO: [Vivado 12-5825] Read reference checkpoint from D:/Coding/Vivado/Snake-VGA/SnakeGame2Axis/SnakeGame2Axis.srcs/utils_1/imports/synth_1/SNAKEGAME2AXIS.dcp for incremental synthesis
INFO: [Vivado 12-7989] Please ensure there are no constraint changes
Command: synth_design -top SNAKEGAME2AXIS -part xc7z020clg484-1
Starting synth_design
Attempting to get a license for feature 'Synthesis' and/or device 'xc7z020'
INFO: [Common 17-349] Got license for feature 'Synthesis' and/or device 'xc7z020'
INFO: [Designutils 20-5440] No compile time benefit to using incremental synthesis; A full resynthesis will be run
INFO: [Designutils 20-4379] Flow is switching to default flow due to incremental criteria not met. If you would like to alter this behaviour and have the flow terminate instead, please set the following parameter config_implementation {autoIncr.Synth.RejectBehavior Terminate}
INFO: [Synth 8-7079] Multithreading enabled for synth_design using a maximum of 2 processes.
INFO: [Synth 8-7078] Launching helper process for spawning children vivado processes
INFO: [Synth 8-7075] Helper process launched with PID 3412
INFO: [Synth 8-11241] undeclared symbol 'REGCCE', assumed default net type 'wire' [D:/Xilinx/Vivado/2022.2/data/verilog/src/unimacro/BRAM_SINGLE_MACRO.v:2170]
---------------------------------------------------------------------------------
Starting Synthesize : Time (s): cpu = 00:00:04 ; elapsed = 00:00:05 . Memory (MB): peak = 1444.074 ; gain = 408.168
---------------------------------------------------------------------------------
INFO: [Synth 8-638] synthesizing module 'SNAKEGAME2AXIS' [D:/Coding/Vivado/Snake-VGA/SnakeGame2Axis/SnakeGame2Axis.srcs/sources_1/new/SNAKEGAME2AXIS.vhd:67]
INFO: [Synth 8-256] done synthesizing module 'SNAKEGAME2AXIS' (0#1) [D:/Coding/Vivado/Snake-VGA/SnakeGame2Axis/SnakeGame2Axis.srcs/sources_1/new/SNAKEGAME2AXIS.vhd:67]
WARNING: [Synth 8-3917] design SNAKEGAME2AXIS has port m_axis_tdata[15] driven by constant 0
WARNING: [Synth 8-3917] design SNAKEGAME2AXIS has port m_axis_tdata[14] driven by constant 0
WARNING: [Synth 8-7129] Port s_axis_tdata[14] in module SNAKEGAME2AXIS is either unconnected or has no load
WARNING: [Synth 8-7129] Port s_axis_tdata[13] in module SNAKEGAME2AXIS is either unconnected or has no load
WARNING: [Synth 8-7129] Port s_axis_tdata[12] in module SNAKEGAME2AXIS is either unconnected or has no load
WARNING: [Synth 8-7129] Port s_axis_tdata[11] in module SNAKEGAME2AXIS is either unconnected or has no load
WARNING: [Synth 8-7129] Port s_axis_tdata[10] in module SNAKEGAME2AXIS is either unconnected or has no load
---------------------------------------------------------------------------------
Finished Synthesize : Time (s): cpu = 00:00:05 ; elapsed = 00:00:07 . Memory (MB): peak = 1541.070 ; gain = 505.164
---------------------------------------------------------------------------------
---------------------------------------------------------------------------------
Finished Constraint Validation : Time (s): cpu = 00:00:05 ; elapsed = 00:00:07 . Memory (MB): peak = 1541.070 ; gain = 505.164
---------------------------------------------------------------------------------
---------------------------------------------------------------------------------
Start Loading Part and Timing Information
---------------------------------------------------------------------------------
Loading part: xc7z020clg484-1
---------------------------------------------------------------------------------
Finished Loading Part and Timing Information : Time (s): cpu = 00:00:05 ; elapsed = 00:00:07 . Memory (MB): peak = 1541.070 ; gain = 505.164
---------------------------------------------------------------------------------
INFO: [Device 21-403] Loading part xc7z020clg484-1
INFO: [Synth 8-802] inferred FSM for state register 'state_reg' in module 'SNAKEGAME2AXIS'
---------------------------------------------------------------------------------------------------
                   State |                     New Encoding |                Previous Encoding 
---------------------------------------------------------------------------------------------------
                    idle |                            10000 |                              000
                 waiting |                            00010 |                              001
                 loading |                            01000 |                              010
           sending_first |                            00100 |                              011
                 sending |                            00001 |                              100
---------------------------------------------------------------------------------------------------
INFO: [Synth 8-3354] encoded FSM with state register 'state_reg' using encoding 'one-hot' in module 'SNAKEGAME2AXIS'
---------------------------------------------------------------------------------
Finished RTL Optimization Phase 2 : Time (s): cpu = 00:00:05 ; elapsed = 00:00:07 . Memory (MB): peak = 1541.070 ; gain = 505.164
---------------------------------------------------------------------------------
No constraint files found.
---------------------------------------------------------------------------------
Start RTL Component Statistics 
---------------------------------------------------------------------------------
Detailed RTL Component Info : 
+---Adders : 
	   2 Input   10 Bit       Adders := 1     
	   2 Input    9 Bit       Adders := 1     
	   2 Input    3 Bit       Adders := 1     
+---Registers : 
	               10 Bit    Registers := 1     
	                9 Bit    Registers := 1     
	                3 Bit    Registers := 1     
	                2 Bit    Registers := 60    
	                1 Bit    Registers := 1     
+---Muxes : 
	   2 Input    9 Bit        Muxes := 1     
	   5 Input    5 Bit        Muxes := 1     
	   2 Input    5 Bit        Muxes := 4     
	   4 Input    4 Bit        Muxes := 2     
	   2 Input    4 Bit        Muxes := 2     
	   4 Input    3 Bit        Muxes := 1     
	   2 Input    3 Bit        Muxes := 4     
	   2 Input    2 Bit        Muxes := 10    
	   2 Input    1 Bit        Muxes := 8     
---------------------------------------------------------------------------------
Finished RTL Component Statistics 
---------------------------------------------------------------------------------
---------------------------------------------------------------------------------
Start Part Resource Summary
---------------------------------------------------------------------------------
Part Resources:
DSPs: 220 (col length:60)
BRAMs: 280 (col length: RAMB18 60 RAMB36 30)
---------------------------------------------------------------------------------
Finished Part Resource Summary
---------------------------------------------------------------------------------
No constraint files found.
---------------------------------------------------------------------------------
Start Cross Boundary and Area Optimization
---------------------------------------------------------------------------------
WARNING: [Synth 8-7080] Parallel synthesis criteria is not met
WARNING: [Synth 8-3917] design SNAKEGAME2AXIS has port m_axis_tdata[15] driven by constant 0
WARNING: [Synth 8-3917] design SNAKEGAME2AXIS has port m_axis_tdata[14] driven by constant 0
WARNING: [Synth 8-3917] design SNAKEGAME2AXIS has port m_axis_tdata[3] driven by constant 0
WARNING: [Synth 8-3917] design SNAKEGAME2AXIS has port m_axis_tdata[2] driven by constant 0
WARNING: [Synth 8-3917] design SNAKEGAME2AXIS has port m_axis_tdata[1] driven by constant 0
WARNING: [Synth 8-3917] design SNAKEGAME2AXIS has port m_axis_tdata[0] driven by constant 0
WARNING: [Synth 8-7129] Port s_axis_tdata[14] in module SNAKEGAME2AXIS is either unconnected or has no load
WARNING: [Synth 8-7129] Port s_axis_tdata[13] in module SNAKEGAME2AXIS is either unconnected or has no load
WARNING: [Synth 8-7129] Port s_axis_tdata[12] in module SNAKEGAME2AXIS is either unconnected or has no load
WARNING: [Synth 8-7129] Port s_axis_tdata[11] in module SNAKEGAME2AXIS is either unconnected or has no load
WARNING: [Synth 8-7129] Port s_axis_tdata[10] in module SNAKEGAME2AXIS is either unconnected or has no load
---------------------------------------------------------------------------------
Finished Cross Boundary and Area Optimization : Time (s): cpu = 00:00:09 ; elapsed = 00:00:13 . Memory (MB): peak = 1756.566 ; gain = 720.660
---------------------------------------------------------------------------------
No constraint files found.
---------------------------------------------------------------------------------
Start Timing Optimization
---------------------------------------------------------------------------------
---------------------------------------------------------------------------------
Finished Timing Optimization : Time (s): cpu = 00:00:09 ; elapsed = 00:00:13 . Memory (MB): peak = 1756.566 ; gain = 720.660
---------------------------------------------------------------------------------
---------------------------------------------------------------------------------
Start Technology Mapping
---------------------------------------------------------------------------------
---------------------------------------------------------------------------------
Finished Technology Mapping : Time (s): cpu = 00:00:09 ; elapsed = 00:00:13 . Memory (MB): peak = 1756.566 ; gain = 720.660
---------------------------------------------------------------------------------
---------------------------------------------------------------------------------
Start IO Insertion
---------------------------------------------------------------------------------
---------------------------------------------------------------------------------
Start Flattening Before IO Insertion
---------------------------------------------------------------------------------
---------------------------------------------------------------------------------
Finished Flattening Before IO Insertion
---------------------------------------------------------------------------------
---------------------------------------------------------------------------------
Start Final Netlist Cleanup
---------------------------------------------------------------------------------
---------------------------------------------------------------------------------
Finished Final Netlist Cleanup
---------------------------------------------------------------------------------
---------------------------------------------------------------------------------
Finished IO Insertion : Time (s): cpu = 00:00:11 ; elapsed = 00:00:17 . Memory (MB): peak = 1756.566 ; gain = 720.660
---------------------------------------------------------------------------------
---------------------------------------------------------------------------------
Start Renaming Generated Instances
---------------------------------------------------------------------------------
---------------------------------------------------------------------------------
Finished Renaming Generated Instances : Time (s): cpu = 00:00:11 ; elapsed = 00:00:17 . Memory (MB): peak = 1756.566 ; gain = 720.660
---------------------------------------------------------------------------------
---------------------------------------------------------------------------------
Start Rebuilding User Hierarchy
---------------------------------------------------------------------------------
---------------------------------------------------------------------------------
Finished Rebuilding User Hierarchy : Time (s): cpu = 00:00:11 ; elapsed = 00:00:17 . Memory (MB): peak = 1756.566 ; gain = 720.660
---------------------------------------------------------------------------------
---------------------------------------------------------------------------------
Start Renaming Generated Ports
---------------------------------------------------------------------------------
---------------------------------------------------------------------------------
Finished Renaming Generated Ports : Time (s): cpu = 00:00:11 ; elapsed = 00:00:17 . Memory (MB): peak = 1756.566 ; gain = 720.660
---------------------------------------------------------------------------------
---------------------------------------------------------------------------------
Start Handling Custom Attributes
---------------------------------------------------------------------------------
---------------------------------------------------------------------------------
Finished Handling Custom Attributes : Time (s): cpu = 00:00:11 ; elapsed = 00:00:17 . Memory (MB): peak = 1756.566 ; gain = 720.660
---------------------------------------------------------------------------------
---------------------------------------------------------------------------------
Start Renaming Generated Nets
---------------------------------------------------------------------------------
---------------------------------------------------------------------------------
Finished Renaming Generated Nets : Time (s): cpu = 00:00:11 ; elapsed = 00:00:17 . Memory (MB): peak = 1756.566 ; gain = 720.660
---------------------------------------------------------------------------------
---------------------------------------------------------------------------------
Start Writing Synthesis Report
---------------------------------------------------------------------------------

Report BlackBoxes: 
+-+--------------+----------+
| |BlackBox name |Instances |
+-+--------------+----------+
+-+--------------+----------+

Report Cell Usage: 
+------+-------+------+
|      |Cell   |Count |
+------+-------+------+
|1     |BUFG   |     1|
|2     |CARRY4 |     4|
|3     |LUT1   |     5|
|4     |LUT2   |    25|
|5     |LUT3   |     7|
|6     |LUT4   |    10|
|7     |LUT5   |    16|
|8     |LUT6   |    39|
|9     |MUXF7  |     4|
|10    |MUXF8  |     2|
|11    |FDRE   |   147|
|12    |FDSE   |     1|
|13    |IBUF   |    45|
|14    |OBUF   |    19|
+------+-------+------+

Report Instance Areas: 
+------+---------+-------+------+
|      |Instance |Module |Cells |
+------+---------+-------+------+
|1     |top      |       |   325|
+------+---------+-------+------+
---------------------------------------------------------------------------------
Finished Writing Synthesis Report : Time (s): cpu = 00:00:11 ; elapsed = 00:00:17 . Memory (MB): peak = 1756.566 ; gain = 720.660
---------------------------------------------------------------------------------
Synthesis finished with 0 errors, 0 critical warnings and 19 warnings.
Synthesis Optimization Runtime : Time (s): cpu = 00:00:11 ; elapsed = 00:00:17 . Memory (MB): peak = 1756.566 ; gain = 720.660
Synthesis Optimization Complete : Time (s): cpu = 00:00:11 ; elapsed = 00:00:17 . Memory (MB): peak = 1756.566 ; gain = 720.660
INFO: [Project 1-571] Translating synthesized netlist
Netlist sorting complete. Time (s): cpu = 00:00:00 ; elapsed = 00:00:00.003 . Memory (MB): peak = 1766.395 ; gain = 0.000
INFO: [Netlist 29-17] Analyzing 10 Unisim elements for replacement
INFO: [Netlist 29-28] Unisim Transformation completed in 0 CPU seconds
INFO: [Project 1-570] Preparing netlist for logic optimization
INFO: [Opt 31-138] Pushed 0 inverter(s) to 0 load pin(s).
Netlist sorting complete. Time (s): cpu = 00:00:00 ; elapsed = 00:00:00 . Memory (MB): peak = 1863.301 ; gain = 0.000
INFO: [Project 1-111] Unisim Transformation Summary:
No Unisim elements were transformed.

Synth Design complete, checksum: 1c1f1a86
INFO: [Common 17-83] Releasing license: Synthesis
21 Infos, 19 Warnings, 0 Critical Warnings and 0 Errors encountered.
synth_design completed successfully
synth_design: Time (s): cpu = 00:00:12 ; elapsed = 00:00:19 . Memory (MB): peak = 1863.301 ; gain = 834.789
INFO: [Common 17-1381] The checkpoint 'D:/Coding/Vivado/Snake-VGA/SnakeGame2Axis/SnakeGame2Axis.runs/synth_1/SNAKEGAME2AXIS.dcp' has been generated.
INFO: [runtcl-4] Executing : report_utilization -file SNAKEGAME2AXIS_utilization_synth.rpt -pb SNAKEGAME2AXIS_utilization_synth.pb
INFO: [Common 17-206] Exiting Vivado at Sun Jan  7 02:06:57 2024...
