Copyright 1986-2022 Xilinx, Inc. All Rights Reserved.
---------------------------------------------------------------------------------------------------------------------------------
| Tool Version : Vivado v.2022.2 (win64) Build 3671981 Fri Oct 14 05:00:03 MDT 2022
| Date         : Sun Jan  7 02:07:45 2024
| Host         : grigorev-mp running 64-bit major release  (build 9200)
| Command      : report_drc -file SNAKEGAME2AXIS_drc_opted.rpt -pb SNAKEGAME2AXIS_drc_opted.pb -rpx SNAKEGAME2AXIS_drc_opted.rpx
| Design       : SNAKEGAME2AXIS
| Device       : xc7z020clg484-1
| Speed File   : -1
| Design State : Synthesized
---------------------------------------------------------------------------------------------------------------------------------

Report DRC

Table of Contents
-----------------
1. REPORT SUMMARY
2. REPORT DETAILS

1. REPORT SUMMARY
-----------------
            Netlist: netlist
          Floorplan: design_1
      Design limits: <entire design considered>
           Ruledeck: default
             Max violations: <unlimited>
             Violations found: 3
+--------+------------------+----------------------------+------------+
| Rule   | Severity         | Description                | Violations |
+--------+------------------+----------------------------+------------+
| NSTD-1 | Critical Warning | Unspecified I/O Standard   | 1          |
| UCIO-1 | Critical Warning | Unconstrained Logical Port | 1          |
| ZPS7-1 | Warning          | PS7 block required         | 1          |
+--------+------------------+----------------------------+------------+

2. REPORT DETAILS
-----------------
NSTD-1#1 Critical Warning
Unspecified I/O Standard  
64 out of 64 logical ports use I/O standard (IOSTANDARD) value 'DEFAULT', instead of a user assigned specific value. This may cause I/O contention or incompatibility with the board power or connectivity affecting performance, signal integrity or in extreme cases cause damage to the device or the components to which it is connected. To correct this violation, specify all I/O standards. This design will fail to generate a bitstream unless all logical ports have a user specified I/O standard value defined. To allow bitstream creation with unspecified I/O standard values (not recommended), use this command: set_property SEVERITY {Warning} [get_drc_checks NSTD-1].  NOTE: When using the Vivado Runs infrastructure (e.g. launch_runs Tcl command), add this command to a .tcl file and add that file as a pre-hook for write_bitstream step for the implementation run. Problem ports: fifo_data_c[17], fifo_data_c[18], fifo_data_c[19], fifo_data_c[20],
fifo_data_c[21], fifo_data_c[22], fifo_data_c[23], fifo_data_c[24],
fifo_data_c[25], fifo_data_c[26], fifo_data_c[27], fifo_data_c[28],
fifo_data_c[29], fifo_data_c[30], fifo_data_c[31]
 (the first 15 of 49 listed).
Related violations: <none>

UCIO-1#1 Critical Warning
Unconstrained Logical Port  
64 out of 64 logical ports have no user assigned specific location constraint (LOC). This may cause I/O contention or incompatibility with the board power or connectivity affecting performance, signal integrity or in extreme cases cause damage to the device or the components to which it is connected. To correct this violation, specify all pin locations. This design will fail to generate a bitstream unless all logical ports have a user specified site LOC constraint defined.  To allow bitstream creation with unspecified pin locations (not recommended), use this command: set_property SEVERITY {Warning} [get_drc_checks UCIO-1].  NOTE: When using the Vivado Runs infrastructure (e.g. launch_runs Tcl command), add this command to a .tcl file and add that file as a pre-hook for write_bitstream step for the implementation run.  Problem ports: fifo_data_c[17], fifo_data_c[18], fifo_data_c[19], fifo_data_c[20],
fifo_data_c[21], fifo_data_c[22], fifo_data_c[23], fifo_data_c[24],
fifo_data_c[25], fifo_data_c[26], fifo_data_c[27], fifo_data_c[28],
fifo_data_c[29], fifo_data_c[30], fifo_data_c[31]
 (the first 15 of 49 listed).
Related violations: <none>

ZPS7-1#1 Warning
PS7 block required  
The PS7 cell must be used in this Zynq design in order to enable correct default configuration.
Related violations: <none>


